<?xml version="1.0" encoding="UTF-8"?>
<!-- Generated by org.testng.reporters.JUnitXMLReporter -->
<testsuite ignored="0" hostname="SKT-Skillup200" failures="0" tests="1" name="DGE-Automation Test" time="0.079" errors="0" timestamp="2025-05-08T21:05:46 IST">
  <testcase classname="com.skillup.dge.testPages.RegressionTesting" name="@BeforeTest setup" time="-1.746718546285E9">
    <failure type="org.testng.TestNGException" message="
Parameter &amp;apos;browser&amp;apos; is required by BeforeTest on method setup but has not been marked @Optional or defined
in D:\AutomationTestingWorkspace\dge\TestNG.xml">
      <![CDATA[org.testng.TestNGException: 
Parameter 'browser' is required by BeforeTest on method setup but has not been marked @Optional or defined
in D:\AutomationTestingWorkspace\dge\TestNG.xml
... Removed 21 stack frames]]>
    </failure>
  </testcase> <!-- @BeforeTest setup -->
  <testcase classname="com.skillup.dge.testPages.RegressionTesting" name="@AfterMethod afterMethod" time="0.0">
    <skipped/>
  </testcase> <!-- @AfterMethod afterMethod -->
  <testcase classname="com.skillup.dge.testPages.RegressionTesting" name="startTesting" time="0.0">
    <skipped/>
  </testcase> <!-- startTesting -->
</testsuite> <!-- DGE-Automation Test -->
